<?xml version="1.0" encoding="UTF-8"?>
<!-- Generated by org.testng.reporters.JUnitReportReporter -->
<testsuite hostname="P4A-508SD6S" name="tests.DemoCookies" tests="1" failures="0" timestamp="24 Jul 2018 07:35:25 GMT" time="1.376" errors="0">
  <testcase name="cookies" time="1.376" classname="tests.DemoCookies"/>
</testsuite> <!-- tests.DemoCookies -->
