<?xml version="1.0" encoding="UTF-8"?>
<!-- Generated by org.testng.reporters.JUnitReportReporter -->
<testsuite hostname="P4A-508SD6S" name="tests.RegistrationTest" tests="1" failures="0" timestamp="25 Jul 2018 06:50:11 GMT" time="5.218" errors="0">
  <testcase name="f" time="5.218" classname="tests.RegistrationTest"/>
</testsuite> <!-- tests.RegistrationTest -->
