<?xml version="1.0" encoding="UTF-8"?>
<!-- Generated by org.testng.reporters.JUnitReportReporter -->
<testsuite hostname="P4A-508SD6S" name="tests.RegistrationTest" tests="1" failures="0" timestamp="25 Jul 2018 07:15:59 GMT" time="14.381" errors="0">
  <testcase name="f" time="14.381" classname="tests.RegistrationTest"/>
</testsuite> <!-- tests.RegistrationTest -->
